生成启动时间为 2019/4/16 0:43:44。
     1>项目“E:\VisualCpp2010Project\MFC_Project\VideoCapture\VideoCapture\VideoCapture.vcxproj”在节点 2 上(build 个目标)。
     1>InitializeBuildStatus:
         正在对“Release\VideoCapture.unsuccessfulbuild”执行 Touch 任务。
       ClCompile:
         所有输出均为最新。
         E:\Win7Ultimate64OS\VS2010\VC\bin\CL.exe /c /Zi /nologo /W3 /WX- /O2 /Oi /Oy- /GL /D WIN32 /D _WINDOWS /D NDEBUG /D _UNICODE /D UNICODE /D _AFXDLL /Gm- /EHsc /MD /GS /Gy /fp:precise /Zc:wchar_t /Zc:forScope /Yu"StdAfx.h" /Fp"Release\VideoCapture.pch" /Fo"Release\\" /Fd"Release\vc100.pdb" /Gd /TP /analyze- /errorReport:prompt text_water_mark.cpp
         text_water_mark.cpp
     1>text_water_mark.cpp(85): warning C4554: “&”: 检查运算符优先级可能存在的错误；使用圆括号阐明优先级
       ResourceCompile:
         所有输出均为最新。
       Link:
         E:\Win7Ultimate64OS\VS2010\VC\bin\link.exe /ERRORREPORT:PROMPT /OUT:"E:\VisualCpp2010Project\MFC_Project\VideoCapture\Release\VideoCapture.exe" /INCREMENTAL:NO /NOLOGO /MANIFEST /ManifestFile:"Release\VideoCapture.exe.intermediate.manifest" /MANIFESTUAC:"level='asInvoker' uiAccess='false'" /DEBUG /PDB:"E:\VisualCpp2010Project\MFC_Project\VideoCapture\Release\VideoCapture.pdb" /SUBSYSTEM:WINDOWS /OPT:REF /OPT:ICF /LTCG /TLBID:1 /ENTRY:"wWinMainCRTStartup" /DYNAMICBASE /NXCOMPAT /IMPLIB:"E:\VisualCpp2010Project\MFC_Project\VideoCapture\Release\VideoCapture.lib" /MACHINE:X86 Release\VideoCapture.res
         Release\stdafx.obj
         Release\text_water_mark.obj
         Release\Utils.obj
         Release\VideoCapture.obj
         Release\VideoCaptureDlg.obj
         正在生成代码
         已完成代码的生成
         VideoCapture.vcxproj -> E:\VisualCpp2010Project\MFC_Project\VideoCapture\Release\VideoCapture.exe
       Manifest:
         C:\Program Files (x86)\Microsoft SDKs\Windows\v7.0A\bin\mt.exe /nologo /verbose /outputresource:"E:\VisualCpp2010Project\MFC_Project\VideoCapture\Release\VideoCapture.exe;#1" /manifest Release\VideoCapture.exe.intermediate.manifest E:\Win7Ultimate64OS\VS2010\VC\Include\Manifest\dpiaware.manifest
       FinalizeBuildStatus:
         正在删除文件“Release\VideoCapture.unsuccessfulbuild”。
         正在对“Release\VideoCapture.lastbuildstate”执行 Touch 任务。
     1>已完成生成项目“E:\VisualCpp2010Project\MFC_Project\VideoCapture\VideoCapture\VideoCapture.vcxproj”(build 个目标)的操作。

生成成功。

已用时间 00:00:02.09
