E:\VISUALCPP2010PROJECT\MFC_PROJECT\VIDEOCAPTURE\DEBUG\VIDEOCAPTURE.EXE
E:\VISUALCPP2010PROJECT\MFC_PROJECT\VIDEOCAPTURE\DEBUG\VIDEOCAPTURE.ILK
E:\VISUALCPP2010PROJECT\MFC_PROJECT\VIDEOCAPTURE\DEBUG\VIDEOCAPTURE.PDB
E:\VISUALCPP2010PROJECT\MFC_PROJECT\VIDEOCAPTURE\VIDEOCAPTURE\DEBUG\AMF.OBJ
E:\VISUALCPP2010PROJECT\MFC_PROJECT\VIDEOCAPTURE\VIDEOCAPTURE\DEBUG\AVENCODER.OBJ
E:\VISUALCPP2010PROJECT\MFC_PROJECT\VIDEOCAPTURE\VIDEOCAPTURE\DEBUG\AVPUBLISHER.OBJ
E:\VisualCpp2010Project\MFC_Project\VideoCapture\VideoCapture\Debug\cl.command.1.tlog
E:\VisualCpp2010Project\MFC_Project\VideoCapture\VideoCapture\Debug\CL.read.1.tlog
E:\VisualCpp2010Project\MFC_Project\VideoCapture\VideoCapture\Debug\CL.write.1.tlog
E:\VISUALCPP2010PROJECT\MFC_PROJECT\VIDEOCAPTURE\VIDEOCAPTURE\DEBUG\H264ENCODER.OBJ
E:\VisualCpp2010Project\MFC_Project\VideoCapture\VideoCapture\Debug\link.5148.read.1.tlog
E:\VisualCpp2010Project\MFC_Project\VideoCapture\VideoCapture\Debug\link.5148.write.1.tlog
E:\VisualCpp2010Project\MFC_Project\VideoCapture\VideoCapture\Debug\link.5148-cvtres.read.1.tlog
E:\VisualCpp2010Project\MFC_Project\VideoCapture\VideoCapture\Debug\link.5148-cvtres.write.1.tlog
E:\VisualCpp2010Project\MFC_Project\VideoCapture\VideoCapture\Debug\link.command.1.tlog
E:\VisualCpp2010Project\MFC_Project\VideoCapture\VideoCapture\Debug\link.read.1.tlog
E:\VisualCpp2010Project\MFC_Project\VideoCapture\VideoCapture\Debug\link.write.1.tlog
E:\VisualCpp2010Project\MFC_Project\VideoCapture\VideoCapture\Debug\link-cvtres.read.1.tlog
E:\VisualCpp2010Project\MFC_Project\VideoCapture\VideoCapture\Debug\link-cvtres.write.1.tlog
E:\VISUALCPP2010PROJECT\MFC_PROJECT\VIDEOCAPTURE\VIDEOCAPTURE\DEBUG\LOG.OBJ
E:\VisualCpp2010Project\MFC_Project\VideoCapture\VideoCapture\Debug\mt.command.1.tlog
E:\VisualCpp2010Project\MFC_Project\VideoCapture\VideoCapture\Debug\mt.read.1.tlog
E:\VisualCpp2010Project\MFC_Project\VideoCapture\VideoCapture\Debug\mt.write.1.tlog
E:\VISUALCPP2010PROJECT\MFC_PROJECT\VIDEOCAPTURE\VIDEOCAPTURE\DEBUG\PACKETIZER.OBJ
E:\VISUALCPP2010PROJECT\MFC_PROJECT\VIDEOCAPTURE\VIDEOCAPTURE\DEBUG\PARSEURL.OBJ
E:\VISUALCPP2010PROJECT\MFC_PROJECT\VIDEOCAPTURE\VIDEOCAPTURE\DEBUG\PUBLISHCONNECTION.OBJ
E:\VisualCpp2010Project\MFC_Project\VideoCapture\VideoCapture\Debug\rc.command.1.tlog
E:\VisualCpp2010Project\MFC_Project\VideoCapture\VideoCapture\Debug\rc.read.1.tlog
E:\VisualCpp2010Project\MFC_Project\VideoCapture\VideoCapture\Debug\rc.write.1.tlog
E:\VISUALCPP2010PROJECT\MFC_PROJECT\VIDEOCAPTURE\VIDEOCAPTURE\DEBUG\RTMP.OBJ
E:\VISUALCPP2010PROJECT\MFC_PROJECT\VIDEOCAPTURE\VIDEOCAPTURE\DEBUG\STDAFX.OBJ
E:\VISUALCPP2010PROJECT\MFC_PROJECT\VIDEOCAPTURE\VIDEOCAPTURE\DEBUG\TEXT_WATER_MARK.OBJ
E:\VISUALCPP2010PROJECT\MFC_PROJECT\VIDEOCAPTURE\VIDEOCAPTURE\DEBUG\UTILS.OBJ
E:\VisualCpp2010Project\MFC_Project\VideoCapture\VideoCapture\Debug\vc100.idb
E:\VISUALCPP2010PROJECT\MFC_PROJECT\VIDEOCAPTURE\VIDEOCAPTURE\DEBUG\VC100.PDB
E:\VISUALCPP2010PROJECT\MFC_PROJECT\VIDEOCAPTURE\VIDEOCAPTURE\DEBUG\VIDEOCAPTURE.EXE.EMBED.MANIFEST
E:\VISUALCPP2010PROJECT\MFC_PROJECT\VIDEOCAPTURE\VIDEOCAPTURE\DEBUG\VIDEOCAPTURE.EXE.EMBED.MANIFEST.RES
E:\VISUALCPP2010PROJECT\MFC_PROJECT\VIDEOCAPTURE\VIDEOCAPTURE\DEBUG\VIDEOCAPTURE.EXE.INTERMEDIATE.MANIFEST
E:\VISUALCPP2010PROJECT\MFC_PROJECT\VIDEOCAPTURE\VIDEOCAPTURE\DEBUG\VIDEOCAPTURE.OBJ
E:\VISUALCPP2010PROJECT\MFC_PROJECT\VIDEOCAPTURE\VIDEOCAPTURE\DEBUG\VIDEOCAPTURE.PCH
E:\VISUALCPP2010PROJECT\MFC_PROJECT\VIDEOCAPTURE\VIDEOCAPTURE\DEBUG\VIDEOCAPTURE.RES
E:\VisualCpp2010Project\MFC_Project\VideoCapture\VideoCapture\Debug\VideoCapture.vcxprojResolveAssemblyReference.cache
E:\VisualCpp2010Project\MFC_Project\VideoCapture\VideoCapture\Debug\VideoCapture.write.1.tlog
E:\VisualCpp2010Project\MFC_Project\VideoCapture\VideoCapture\Debug\VideoCapture_manifest.rc
E:\VISUALCPP2010PROJECT\MFC_PROJECT\VIDEOCAPTURE\VIDEOCAPTURE\DEBUG\VIDEOCAPTUREDLG.OBJ
